<?xml version="1.0" encoding="UTF-8"?>
<!-- Generated by org.testng.reporters.JUnitReportReporter -->
<testsuite hostname="Swapnil" failures="0" tests="1" name="testLayer.YourOrders" time="1.652" errors="0" timestamp="2023-10-18T23:03:30 EDT" skipped="0">
  <testcase classname="testLayer.YourOrders" name="cancelledorder" time="1.652"/>
</testsuite> <!-- testLayer.YourOrders -->
