<?xml version="1.0" encoding="UTF-8"?>
<!-- Generated by org.testng.reporters.JUnitReportReporter -->
<testsuite hostname="Swapnil" failures="0" tests="1" name="testLayer.YourAddress" time="2.863" errors="0" timestamp="2023-10-22T15:32:41 EDT" skipped="0">
  <testcase classname="testLayer.YourAddress" name="AddAddresses" time="2.863"/>
</testsuite> <!-- testLayer.YourAddress -->
