<?xml version="1.0" encoding="UTF-8"?>
<!-- Generated by org.testng.reporters.JUnitReportReporter -->
<testsuite hostname="Swapnil" failures="0" tests="3" name="amazon.Testnew" time="0.007" errors="0" timestamp="2023-10-10T14:49:10 EDT" skipped="0">
  <testcase classname="amazon.Testnew" name="Writetestcases" time="0.005"/>
  <testcase classname="amazon.Testnew" name="Executetestcases" time="0.001"/>
  <testcase classname="amazon.Testnew" name="Defect" time="0.001"/>
</testsuite> <!-- amazon.Testnew -->
