<?xml version="1.0" encoding="UTF-8"?>
<!-- Generated by org.testng.reporters.JUnitReportReporter -->
<testsuite hostname="Swapnil" failures="0" tests="1" name="testLayer.YourAccount" time="0.825" errors="0" timestamp="2023-10-18T23:00:53 EDT" skipped="0">
  <testcase classname="testLayer.YourAccount" name="mousehoverhello" time="0.825"/>
</testsuite> <!-- testLayer.YourAccount -->
