<?xml version="1.0" encoding="UTF-8"?>
<!-- Generated by org.testng.reporters.JUnitReportReporter -->
<testsuite hostname="Swapnil" failures="0" tests="1" name="testLayer.SignupTest" time="8.221" errors="0" timestamp="2023-10-24T14:04:52 EDT" skipped="0">
  <testcase classname="testLayer.SignupTest" name="signup" time="8.221"/>
</testsuite> <!-- testLayer.SignupTest -->
