<?xml version="1.0" encoding="UTF-8"?>
<!-- Generated by org.testng.reporters.JUnitReportReporter -->
<testsuite hostname="Swapnil" failures="0" tests="1" name="testLayer.Searching" time="0.592" errors="0" timestamp="2023-10-20T14:17:37 EDT" skipped="0">
  <testcase classname="testLayer.Searching" name="newreleasebtn" time="0.592"/>
</testsuite> <!-- testLayer.Searching -->
